2025-04-21 08:31:48 INFO  Utils:112 - [TestNG] Running:
  C:\Users\elahi\eclipse-workspace\Opencartv1\master.xml

2025-04-21 08:31:51 INFO  AccountRegistration:15 - **********Starting Account Registration*************
2025-04-21 08:31:51 INFO  AccountRegistration:17 - Created java faker class to generate data
2025-04-21 08:31:51 INFO  AccountRegistration:19 - HomePage launched
2025-04-21 08:31:53 INFO  SearchProduct:12 - **********Starting Search Product Test*************
2025-04-21 08:31:53 INFO  SearchProduct:14 - **********Starting My Account Page*************
2025-04-21 20:18:55 INFO  Utils:112 - [TestNG] Running:
  C:\Users\elahi\eclipse-workspace\Opencartv1\master.xml

2025-04-21 20:18:55 INFO  AccountRegistration:15 - **********Starting Account Registration*************
2025-04-21 20:18:56 INFO  AccountRegistration:17 - Created java faker class to generate data
2025-04-21 20:18:56 INFO  AccountRegistration:19 - HomePage launched
2025-04-21 20:18:56 INFO  SearchProduct:12 - **********Starting Search Product Test*************
2025-04-21 20:18:56 INFO  SearchProduct:14 - **********Starting My Account Page*************
2025-04-21 20:20:15 INFO  Utils:112 - [TestNG] Running:
  C:\Users\elahi\eclipse-workspace\Opencartv1\master.xml

2025-04-21 20:20:15 INFO  AccountRegistration:15 - **********Starting Account Registration*************
2025-04-21 20:20:15 INFO  AccountRegistration:17 - Created java faker class to generate data
2025-04-21 20:20:15 INFO  AccountRegistration:19 - HomePage launched
2025-04-21 20:20:15 INFO  SearchProduct:12 - **********Starting Search Product Test*************
2025-04-21 20:20:15 INFO  SearchProduct:14 - **********Starting My Account Page*************
2025-04-21 20:20:29 INFO  Utils:112 - [TestNG] Running:
  C:\Users\elahi\eclipse-workspace\Opencartv1\master.xml

2025-04-21 20:27:06 INFO  Utils:112 - [TestNG] Running:
  C:\Users\elahi\eclipse-workspace\Opencartv1\master.xml

2025-04-21 20:52:12 INFO  Utils:112 - [TestNG] Running:
  C:\Users\elahi\eclipse-workspace\Opencartv1\grouptest.xml

2025-04-21 20:52:35 INFO  Utils:112 - [TestNG] Running:
  C:\Users\elahi\eclipse-workspace\Opencartv1\master.xml

2025-04-21 21:18:59 INFO  Utils:112 - [TestNG] Running:
  C:\Users\elahi\eclipse-workspace\Opencartv1\testng.xml

2025-04-21 21:20:53 INFO  Utils:112 - [TestNG] Running:
  C:\Users\elahi\eclipse-workspace\Opencartv1\testng.xml

2025-04-21 21:20:58 INFO  AccountRegistration:15 - **********Starting Account Registration*************
2025-04-21 21:20:58 INFO  AccountRegistration:17 - Created java faker class to generate data
2025-04-21 21:20:58 INFO  AccountRegistration:19 - HomePage launched
2025-04-21 21:20:58 INFO  AccountRegistration:21 - My Account got clicked
2025-04-21 21:20:59 INFO  AccountRegistration:23 - Register link got clicked
2025-04-21 21:20:59 INFO  AccountRegistration:25 - Registration page factory invoked
2025-04-21 21:20:59 INFO  AccountRegistration:27 - First name inserted
2025-04-21 21:20:59 INFO  AccountRegistration:29 - Last name inserted
2025-04-21 21:20:59 INFO  AccountRegistration:31 - Email got inserted
2025-04-21 21:21:00 INFO  AccountRegistration:33 - Phone number got inserted
2025-04-21 21:21:00 INFO  AccountRegistration:35 - Registration password inserted
2025-04-21 21:21:00 INFO  AccountRegistration:37 - Registration password confirmed
2025-04-21 21:21:00 INFO  AccountRegistration:39 - Subscription type confirmed
2025-04-21 21:21:00 INFO  AccountRegistration:41 - Privacy policy confirmed
2025-04-21 21:21:00 INFO  AccountRegistration:43 - Continue button got clicked
2025-04-21 21:21:01 INFO  AccountRegistration:45 - Assertion massage validated
2025-04-21 21:21:35 INFO  AccountRegistration:15 - **********Starting Account Registration*************
2025-04-21 21:21:35 INFO  AccountRegistration:17 - Created java faker class to generate data
2025-04-21 21:21:35 INFO  AccountRegistration:19 - HomePage launched
2025-04-21 21:21:35 INFO  AccountRegistration:21 - My Account got clicked
2025-04-21 21:21:36 INFO  AccountRegistration:23 - Register link got clicked
2025-04-21 21:21:36 INFO  AccountRegistration:25 - Registration page factory invoked
2025-04-21 21:21:36 INFO  AccountRegistration:27 - First name inserted
2025-04-21 21:21:36 INFO  AccountRegistration:29 - Last name inserted
2025-04-21 21:21:36 INFO  AccountRegistration:31 - Email got inserted
2025-04-21 21:21:36 INFO  AccountRegistration:33 - Phone number got inserted
2025-04-21 21:21:36 INFO  AccountRegistration:35 - Registration password inserted
2025-04-21 21:21:36 INFO  AccountRegistration:37 - Registration password confirmed
2025-04-21 21:21:36 INFO  AccountRegistration:39 - Subscription type confirmed
2025-04-21 21:21:36 INFO  AccountRegistration:41 - Privacy policy confirmed
2025-04-21 21:21:37 INFO  AccountRegistration:43 - Continue button got clicked
2025-04-21 21:21:37 INFO  AccountRegistration:45 - Assertion massage validated
2025-04-21 21:21:41 INFO  SearchProduct:12 - **********Starting Search Product Test*************
